# JRE version: OpenJDK Runtime Environment (17.0.10) (build 17.0.10+0--11572160)
# Java VM: OpenJDK 64-Bit Server VM (17.0.10+0--11572160, mixed mode, tiered, compressed oops, compressed class ptrs, g1 gc, windows-amd64)
GC Precious Log:
 CPUs: 4 total, 4 available
 Memory: 8094M
 Large Page Support: Disabled
 NUMA Support: Disabled
 Compressed Oops: Enabled (32-bit)
 Heap Region Size: 1M
 Heap Min Capacity: 8M
 Heap Initial Capacity: 128M
 Heap Max Capacity: 2G
 Pre-touch: Disabled
 Parallel Workers: 4
 Concurrent Workers: 1
 Concurrent Refinement Workers: 4
 Periodic GC: Disabled
Heap:
 garbage-first heap   total 329728K, used 193421K [0x0000000080000000, 0x0000000100000000)
  region size 1024K, 9 young (9216K), 9 survivors (9216K)
 Metaspace       used 122501K, committed 123264K, reserved 1179648K
  class space    used 16822K, committed 17216K, reserved 1048576K
GC Heap History (20 events):
Event: 50.031 GC heap after
{Heap after GC invocations=48 (full 0):
 garbage-first heap   total 210944K, used 117518K [0x0000000080000000, 0x0000000100000000)
  region size 1024K, 8 young (8192K), 8 survivors (8192K)
 Metaspace       used 110474K, committed 111232K, reserved 1179648K
  class space    used 15001K, committed 15360K, reserved 1048576K
}
Event: 51.047 GC heap before
{Heap before GC invocations=48 (full 0):
 garbage-first heap   total 210944K, used 175886K [0x0000000080000000, 0x0000000100000000)
  region size 1024K, 66 young (67584K), 8 survivors (8192K)
 Metaspace       used 111368K, committed 112128K, reserved 1179648K
  class space    used 15137K, committed 15488K, reserved 1048576K
}
Event: 51.065 GC heap after
{Heap after GC invocations=49 (full 0):
 garbage-first heap   total 210944K, used 127901K [0x0000000080000000, 0x0000000100000000)
  region size 1024K, 9 young (9216K), 9 survivors (9216K)
 Metaspace       used 111368K, committed 112128K, reserved 1179648K
  class space    used 15137K, committed 15488K, reserved 1048576K
}
Event: 51.971 GC heap before
{Heap before GC invocations=49 (full 0):
 garbage-first heap   total 210944K, used 172957K [0x0000000080000000, 0x0000000100000000)
  region size 1024K, 54 young (55296K), 9 survivors (9216K)
 Metaspace       used 114962K, committed 115776K, reserved 1179648K
  class space    used 15665K, committed 16064K, reserved 1048576K
}
Event: 51.986 GC heap after
{Heap after GC invocations=50 (full 0):
 garbage-first heap   total 210944K, used 131900K [0x0000000080000000, 0x0000000100000000)
  region size 1024K, 4 young (4096K), 4 survivors (4096K)
 Metaspace       used 114962K, committed 115776K, reserved 1179648K
  class space    used 15665K, committed 16064K, reserved 1048576K
}
Event: 52.311 GC heap before
{Heap before GC invocations=50 (full 0):
 garbage-first heap   total 210944K, used 173884K [0x0000000080000000, 0x0000000100000000)
  region size 1024K, 46 young (47104K), 4 survivors (4096K)
 Metaspace       used 115525K, committed 116288K, reserved 1179648K
  class space    used 15708K, committed 16064K, reserved 1048576K
}
Event: 52.329 GC heap after
{Heap after GC invocations=51 (full 0):
 garbage-first heap   total 210944K, used 139954K [0x0000000080000000, 0x0000000100000000)
  region size 1024K, 6 young (6144K), 6 survivors (6144K)
 Metaspace       used 115525K, committed 116288K, reserved 1179648K
  class space    used 15708K, committed 16064K, reserved 1048576K
}
Event: 52.685 GC heap before
{Heap before GC invocations=51 (full 0):
 garbage-first heap   total 210944K, used 175794K [0x0000000080000000, 0x0000000100000000)
  region size 1024K, 41 young (41984K), 6 survivors (6144K)
 Metaspace       used 116344K, committed 117120K, reserved 1179648K
  class space    used 15847K, committed 16192K, reserved 1048576K
}
Event: 52.708 GC heap after
{Heap after GC invocations=52 (full 0):
 garbage-first heap   total 210944K, used 145944K [0x0000000080000000, 0x0000000100000000)
  region size 1024K, 6 young (6144K), 6 survivors (6144K)
 Metaspace       used 116344K, committed 117120K, reserved 1179648K
  class space    used 15847K, committed 16192K, reserved 1048576K
}
Event: 53.135 GC heap before
{Heap before GC invocations=52 (full 0):
 garbage-first heap   total 210944K, used 176664K [0x0000000080000000, 0x0000000100000000)
  region size 1024K, 37 young (37888K), 6 survivors (6144K)
 Metaspace       used 117562K, committed 118400K, reserved 1179648K
  class space    used 16048K, committed 16448K, reserved 1048576K
}
Event: 53.163 GC heap after
{Heap after GC invocations=53 (full 0):
 garbage-first heap   total 269312K, used 150777K [0x0000000080000000, 0x0000000100000000)
  region size 1024K, 5 young (5120K), 5 survivors (5120K)
 Metaspace       used 117562K, committed 118400K, reserved 1179648K
  class space    used 16048K, committed 16448K, reserved 1048576K
}
Event: 54.007 GC heap before
{Heap before GC invocations=53 (full 0):
 garbage-first heap   total 269312K, used 215289K [0x0000000080000000, 0x0000000100000000)
  region size 1024K, 70 young (71680K), 5 survivors (5120K)
 Metaspace       used 119311K, committed 120128K, reserved 1179648K
  class space    used 16239K, committed 16640K, reserved 1048576K
}
Event: 54.062 GC heap after
{Heap after GC invocations=54 (full 0):
 garbage-first heap   total 269312K, used 160212K [0x0000000080000000, 0x0000000100000000)
  region size 1024K, 9 young (9216K), 9 survivors (9216K)
 Metaspace       used 119311K, committed 120128K, reserved 1179648K
  class space    used 16239K, committed 16640K, reserved 1048576K
}
Event: 55.017 GC heap before
{Heap before GC invocations=54 (full 0):
 garbage-first heap   total 329728K, used 214484K [0x0000000080000000, 0x0000000100000000)
  region size 1024K, 62 young (63488K), 9 survivors (9216K)
 Metaspace       used 119643K, committed 120448K, reserved 1179648K
  class space    used 16324K, committed 16704K, reserved 1048576K
}
Event: 55.057 GC heap after
{Heap after GC invocations=55 (full 0):
 garbage-first heap   total 329728K, used 169662K [0x0000000080000000, 0x0000000100000000)
  region size 1024K, 8 young (8192K), 8 survivors (8192K)
 Metaspace       used 119643K, committed 120448K, reserved 1179648K
  class space    used 16324K, committed 16704K, reserved 1048576K
}
Event: 55.784 GC heap before
{Heap before GC invocations=56 (full 0):
 garbage-first heap   total 329728K, used 255678K [0x0000000080000000, 0x0000000100000000)
  region size 1024K, 92 young (94208K), 8 survivors (8192K)
 Metaspace       used 120014K, committed 120832K, reserved 1179648K
  class space    used 16404K, committed 16768K, reserved 1048576K
}
Event: 55.836 GC heap after
{Heap after GC invocations=57 (full 0):
 garbage-first heap   total 329728K, used 184720K [0x0000000080000000, 0x0000000100000000)
  region size 1024K, 12 young (12288K), 12 survivors (12288K)
 Metaspace       used 120014K, committed 120832K, reserved 1179648K
  class space    used 16404K, committed 16768K, reserved 1048576K
}
Event: 55.851 GC heap before
{Heap before GC invocations=57 (full 0):
 garbage-first heap   total 329728K, used 188816K [0x0000000080000000, 0x0000000100000000)
  region size 1024K, 16 young (16384K), 12 survivors (12288K)
 Metaspace       used 120030K, committed 120832K, reserved 1179648K
  class space    used 16407K, committed 16768K, reserved 1048576K
}
Event: 55.887 GC heap after
{Heap after GC invocations=58 (full 0):
 garbage-first heap   total 329728K, used 186293K [0x0000000080000000, 0x0000000100000000)
  region size 1024K, 2 young (2048K), 2 survivors (2048K)
 Metaspace       used 120030K, committed 120832K, reserved 1179648K
  class space    used 16407K, committed 16768K, reserved 1048576K
}
Event: 56.917 GC heap before
{Heap before GC invocations=58 (full 0):
 garbage-first heap   total 329728K, used 258997K [0x0000000080000000, 0x0000000100000000)
  region size 1024K, 74 young (75776K), 2 survivors (2048K)
 Metaspace       used 122501K, committed 123264K, reserved 1179648K
  class space    used 16822K, committed 17216K, reserved 1048576K
}

